[debug] [2021-06-12T14:07:28.260Z] ----------------------------------------------------------------------
[debug] [2021-06-12T14:07:28.262Z] Command:       C:\Program Files\nodejs\node.exe C:\Users\musah\AppData\Roaming\npm\node_modules\firebase-tools\lib\bin\firebase.js init
[debug] [2021-06-12T14:07:28.262Z] CLI Version:   9.12.1
[debug] [2021-06-12T14:07:28.262Z] Platform:      win32
[debug] [2021-06-12T14:07:28.262Z] Node Version:  v14.17.0
[debug] [2021-06-12T14:07:28.262Z] Time:          Sat Jun 12 2021 14:07:28 GMT+0000 (Greenwich Mean Time)
[debug] [2021-06-12T14:07:28.263Z] ----------------------------------------------------------------------
[debug] 
[debug] [2021-06-12T14:07:28.333Z] >>> [apiv2][query] GET https://firebase-public.firebaseio.com/cli.json [none]
[debug] [2021-06-12T14:07:28.387Z] > command requires scopes: ["email","openid","https://www.googleapis.com/auth/cloudplatformprojects.readonly","https://www.googleapis.com/auth/firebase","https://www.googleapis.com/auth/cloud-platform"]
[debug] [2021-06-12T14:07:28.387Z] > authorizing via signed-in user (miastudiosinc@gmail.com)
[info] 
     ######## #### ########  ######## ########     ###     ######  ########
     ##        ##  ##     ## ##       ##     ##  ##   ##  ##       ##
     ######    ##  ########  ######   ########  #########  ######  ######
     ##        ##  ##    ##  ##       ##     ## ##     ##       ## ##
     ##       #### ##     ## ######## ########  ##     ##  ######  ########

You're about to initialize a Firebase project in this directory:

  E:\DEV\REACT\PROJECTS\facebook-clone

[info] 
=== Project Setup
[info] 
[info] First, let's associate this project directory with a Firebase project.
[info] You can create multiple project aliases by running firebase use --add, 
[info] but for now we'll just set up a default project.
[info] 
[debug] [2021-06-12T14:07:42.683Z] > refreshing access token with scopes: []
[debug] [2021-06-12T14:07:42.684Z] >>> HTTP REQUEST POST https://www.googleapis.com/oauth2/v3/token  
 <request body omitted>
[debug] [2021-06-12T14:08:05.214Z] <<< [apiv2][status] GET https://firebase-public.firebaseio.com/cli.json 200
[debug] [2021-06-12T14:08:05.214Z] <<< [apiv2][body] GET https://firebase-public.firebaseio.com/cli.json {"cloudBuildErrorAfter":1594252800000,"cloudBuildWarnAfter":1590019200000,"defaultNode10After":1594252800000,"minVersion":"3.0.5","node8DeploysDisabledAfter":1613390400000,"node8RuntimeDisabledAfter":1615809600000,"node8WarnAfter":1600128000000}
[debug] [2021-06-12T14:08:09.178Z] Authentication Error: Your credentials are no longer valid. Please run firebase login --reauth

For CI servers and headless environments, generate a new token with firebase login:ci
[debug] [2021-06-12T14:08:23.265Z] FirebaseError: Authentication Error: Your credentials are no longer valid. Please run firebase login --reauth

For CI servers and headless environments, generate a new token with firebase login:ci
    at invalidCredentialError (C:\Users\musah\AppData\Roaming\npm\node_modules\firebase-tools\lib\auth.js:141:12)
    at refreshTokens (C:\Users\musah\AppData\Roaming\npm\node_modules\firebase-tools\lib\auth.js:448:15)
    at processTicksAndRejections (internal/process/task_queues.js:95:5)
    at async Client.getAccessToken (C:\Users\musah\AppData\Roaming\npm\node_modules\firebase-tools\lib\apiv2.js:144:23)
    at async Client.addAuthHeader (C:\Users\musah\AppData\Roaming\npm\node_modules\firebase-tools\lib\apiv2.js:135:21)
    at async Client.request (C:\Users\musah\AppData\Roaming\npm\node_modules\firebase-tools\lib\apiv2.js:93:34)
    at async getProjectPage (C:\Users\musah\AppData\Roaming\npm\node_modules\firebase-tools\lib\management\projects.js:233:17)
    at async getFirebaseProjectPage (C:\Users\musah\AppData\Roaming\npm\node_modules\firebase-tools\lib\management\projects.js:250:23)
    at async selectProjectInteractively (C:\Users\musah\AppData\Roaming\npm\node_modules\firebase-tools\lib\management\projects.js:95:41)
    at async Object.doSetup [as project] (C:\Users\musah\AppData\Roaming\npm\node_modules\firebase-tools\lib\init\features\project.js:87:27)
    at async init (C:\Users\musah\AppData\Roaming\npm\node_modules\firebase-tools\lib\init\index.js:19:9)
[error] 
[error] Error: Failed to list Firebase projects. See firebase-debug.log for more info.
